<?xml version="1.0" encoding="UTF-8"?>
<testng-results skipped="0" failed="0" ignored="0" total="3" passed="3">
  <reporter-output>
  </reporter-output>
  <suite name="Default suite" duration-ms="98517" started-at="2019-01-28T11:58:13Z" finished-at="2019-01-28T11:59:52Z">
    <groups>
    </groups>
    <test name="Default test" duration-ms="98517" started-at="2019-01-28T11:58:13Z" finished-at="2019-01-28T11:59:52Z">
      <class name="ActiveScaler.Test_Script.TC_TestLocator">
        <test-method status="PASS" signature="set_up(java.lang.String)[pri:0, instance:ActiveScaler.Test_Script.TC_TestLocator@f6c48ac]" name="set_up" is-config="true" duration-ms="15" started-at="2019-01-28T11:58:13Z" finished-at="2019-01-28T11:58:13Z">
          <params>
            <param index="0">
              <value>
                <![CDATA[src/test/java/ActiveScaler/utiles/org.properties]]>
              </value>
            </param>
          </params>
          <reporter-output>
          </reporter-output>
        </test-method> <!-- set_up -->
        <test-method status="PASS" signature="base_test()[pri:0, instance:ActiveScaler.Test_Script.TC_TestLocator@f6c48ac]" name="base_test" is-config="true" duration-ms="39419" started-at="2019-01-28T11:58:13Z" finished-at="2019-01-28T11:58:53Z">
          <reporter-output>
          </reporter-output>
        </test-method> <!-- base_test -->
        <test-method status="PASS" signature="login()[pri:1, instance:ActiveScaler.Test_Script.TC_TestLocator@f6c48ac]" name="login" duration-ms="10024" started-at="2019-01-28T11:58:53Z" finished-at="2019-01-28T11:59:03Z">
          <reporter-output>
          </reporter-output>
        </test-method> <!-- login -->
        <test-method status="PASS" signature="Driver_URL()[pri:2, instance:ActiveScaler.Test_Script.TC_TestLocator@f6c48ac]" name="Driver_URL" duration-ms="46143" started-at="2019-01-28T11:59:03Z" finished-at="2019-01-28T11:59:49Z">
          <reporter-output>
          </reporter-output>
        </test-method> <!-- Driver_URL -->
        <test-method status="PASS" signature="Driver_Creat()[pri:3, instance:ActiveScaler.Test_Script.TC_TestLocator@f6c48ac]" name="Driver_Creat" duration-ms="2910" started-at="2019-01-28T11:59:49Z" finished-at="2019-01-28T11:59:52Z">
          <reporter-output>
          </reporter-output>
        </test-method> <!-- Driver_Creat -->
      </class> <!-- ActiveScaler.Test_Script.TC_TestLocator -->
    </test> <!-- Default test -->
  </suite> <!-- Default suite -->
</testng-results>
