<?xml version="1.0" encoding="UTF-8"?>
<!-- Generated by org.testng.reporters.JUnitXMLReporter -->
<testsuite hostname="GDC-NitinTh-LPT" ignored="0" name="Default test" tests="3" failures="0" timestamp="28 Jan 2019 11:59:52 GMT" time="98.517" errors="0">
  <testcase name="login" time="10.024" classname="ActiveScaler.Test_Script.TC_TestLocator"/>
  <testcase name="Driver_URL" time="46.143" classname="ActiveScaler.Test_Script.TC_TestLocator"/>
  <testcase name="Driver_Creat" time="2.91" classname="ActiveScaler.Test_Script.TC_TestLocator"/>
</testsuite> <!-- Default test -->
